[SpriteText] Schließen
[SpriteText] vermisst
[SpriteText] Assigned
[SpriteText] verfügbar
[SpriteText] Bewerber
[SpriteText] Füllen
[SpriteText] Zurücksetzen
[SpriteText] säubern
[SpriteText] Zum Astronautenkomplex
[SpriteText] säubern
[SpriteText] Füllen
[SpriteText] Reset
[SpriteText] Verfügbare Crew
[SpriteText] Teile mit Crew Plätzen
[SpriteText] 0
[SpriteText] keines
[SpriteText] Stage einzeln
[SpriteText] 
[SpriteText] /
[SpriteText] 0
[SpriteText] 0
[SpriteText] 0
[SpriteText] Resourcen
[SpriteText] Resourcen
[SpriteText] 0
[SpriteText] Beschreibung
[SpriteText] Node Name
[SpriteText] Fahrzeug Name
[SpriteText] Wissenschaft: 0.0
[SpriteText] Kerbal Name
[SpriteText] 000 Daten aufgezeichnet
[SpriteText] Name
[SpriteText] Überschrift
[SpriteText] Name
[SpriteText] 0/0
[SpriteText] 
[SpriteText] Wert
[SpriteText] 
[SpriteText] 3
[SpriteText] wissenschaftlicher Bericht
[SpriteText] 
[SpriteText] Fahrzeug Name
[SpriteText] neue Nachricht
[SpriteText] 
[SpriteText] 
[SpriteText] schließen
[SpriteText] 000 wissenschaftliche Berichte gefunden
[SpriteText] säubern
[SpriteText] Node Beschreibung
[SpriteText] benötigt
[SpriteText] verfügbare Teile
[SpriteText] 100%
[SpriteText] nichts ausgewählt.
[SpriteText] Node Name
[SpriteText] gekauft 0 Teile [1,000 Funds]
[SpriteText] alles entpacken
[SpriteText] Wissenschaft
[SpriteText] Name
[SpriteText] Daten
[SpriteText] Wert
[SpriteText] Forschung [0000 Science]
[SpriteText] Filter zurücksetzen
[SpriteText] Kopf
[SpriteText] Label
[SpriteText] säubern
[SpriteText] # Teile, in # Stages.\r\r\n* Gesperrt oder nicht Verfügbar!
[SpriteText] Teilename
[SpriteText] Fahrzeug Name
[SpriteText] XP Merkmal
[SpriteText]      key
[SpriteText] Kerbal Name
[SpriteText] Tapferkeit
[SpriteText] Tapferkeit
[SpriteText] Tapferkeit
[SpriteText] Teile mit Crew Plätzen
[SpriteText] Kerbal Name
[SpriteText] Dummheit
[SpriteText] XP Merkmal
[SpriteText] Dummheit
[SpriteText] Kerbal Name
[SpriteText] füllen
[SpriteText] Zum Astronautenkomplex
[SpriteText] Kerbal Name
[SpriteText] Bezeichnung
[SpriteText] zurücksetzen
[SpriteText] Verfügbare Crew
[SpriteText] App Name
[SpriteText] Hallo Welt
[SpriteText] Text
[SpriteText] 
[SpriteText] In
[SpriteText] Hallo Welt
[SpriteText] Hallo Welt
[SpriteText] Hallo Welt
[SpriteText] 123123123123
[SpriteText] 
[SpriteText] 
[SpriteText] 999
[SpriteText] 
[SpriteText] 1231111111111
[SpriteText] /
[SpriteText] /
[SpriteText] zurücksetzen
[SpriteText] sdfsdfsdfsdfsdfsdfsdfsdfsdfsdfsdfsdfsdfsdfsdfsdfsdfsdfsdfsdfsdfsdfsdfsdfsdfsdfsdfsdfsdfsdfsdfsdfsdf
[SpriteText] 123123123123
[SpriteText] 123123123123123
[SpriteText] 123123123123
[SpriteText] 
[SpriteText] Out
[SpriteText] Hallo Welt
[SpriteText] sdfsdfsdfsdfsfdfsfsdfsdfsdfsdfsfdfsfsdfsdfsdfsdfsfdfsfsdfsdfsdfsdfsfdfsf
[SpriteText] 
[SpriteText] 
[SpriteText] Stop
[SpriteText] 123123123123123
[SpriteText] 
[SpriteText] vermisst
[SpriteText] Transfer
[SpriteText] zugeteilt
[SpriteText] zurücksetzen
[SpriteText] Bewerber
[SpriteText] füllen
[SpriteText] säubern
[SpriteText] verfügbar
[SpriteText] schließen
[SpriteText] Name
[SpriteText] 
[SpriteText] 
[SpriteText] Aktionsgruppe
[SpriteText] Gruppenaktion
[SpriteText] 
[SpriteText] Größe
[SpriteText] 
[SpriteText] Kosten
[SpriteText] Auswahl
[SpriteText] 
[SpriteText] Massee
[SpriteText] Hallo WeltHallo WeltHallo Welt
[SpriteTextRich] aktive Crew: 10\t[Max: 12]
[SpriteTextRich] nächsten anheuern: £ 00,000,000.00
[SpriteTextRich] Platzhalter Text.
[SpriteTextRich] Ich weiß, es ist schwerliche Raketenwissenschaft
[SpriteTextRich] XP Merkmal Beschreibung
[SpriteTextRich] wiederherstellen Lvl 1\n£ 10,800,000
[SpriteTextRich] Enter\n
[SpriteTextRich] Gebäude Name
[SpriteTextRich] Status: voll Betriebsbereit
[SpriteTextRich] Status: Betrieb
[SpriteTextRich] Müll
[SpriteTextRich] Einrichtungslevel 2\n\n\n\n
[SpriteTextRich] Space Center Einrichtung
[SpriteTextRich] Fahrzeug Name
[SpriteTextRich] Landed at Somewhere long enough to line break
[SpriteTextRich] Repariert für £000,000,000.00\n
[SpriteTextRich] Beschreibung Raketengebäude (VAB) hier,  und ja wir können hier 5 oder 6 Zeilen schreiben, obwohl diese alle zu lesen wahrscheinlich viel zu langweilig ist. Daher lassen wir es lieber.
[SpriteTextRich] + Map Trajectory Display\n+ Tracked Object Data\n+ Flight Guidance Data\n+ Vier Zeilen sollten drin sein\n
[SpriteTextRich] <#feb200>Crew:</>
[SpriteTextRich] Landed at Somewhere long enough to line break
[SpriteTextRich] Discard
[SpriteTextRich] Tracking Station
[SpriteTextRich] The Tracking Station allows you to keep track of ongoing flights and recover or terminate them.
[SpriteTextRich] Enter\n
[SpriteTextRich] Repariert für £000,000,000.00\n
[SpriteTextRich] 1200 Teile, 500 Stufen
[SpriteTextRich] schließen
[SpriteTextRich] Demolish\n
[SpriteTextRich] Jebediah Kerman\nBob Kerman\nBill Kerman\n<i>(N mehr)</>
[SpriteTextRich] Upgrade\n<#00d4fe>£100,240,000.00</>
[SpriteTextRich] £0000
[SpriteTextRich] 0000£
[SpriteTextRich] Titel
[SpriteTextRich] 0000£
[SpriteTextRich] 0000£
[SpriteTextRich] 0000£
[SpriteTextRich] <b><#DB8310>Wernher Von Kerman:</></b>\nWillkommen im wissenschaftlichen Archiv. Bitte mach eine Auswahl.
[SpriteTextRich] XP Merkmal Beschreibung
[SpriteTextRich] Kopf
[SpriteTextRich] <b>Leerer Sitz</b>
[SpriteTextRich]      key
[SpriteTextRich] Massee: 0000.0t
[SpriteTextRich] Größe: 888.8m, 888.8m, 888.8m
[SpriteTextRich] £99999999
[SpriteTextRich] XP Merkmal Description
[SpriteTextRich] <b>Leerer Sitz</b>
[SpriteTextRich] key
[SpriteTextRich] key
[SpriteTextRich] Teil zur Kategorie hinzufügen:
[SpriteTextRich] schließen
[SpriteTextRich] löschen
[SpriteTextRich] Akzeptieren
[SpriteTextRich] schließen
[SpriteTextRich] Icon:
[SpriteTextRich] Katergoriename:
[SpriteTextRich] Akzeptieren
[SpriteTextRich] nächsten anheuern: £ 00,000,000.00
[SpriteTextRich] [+] Bauteilprüfung
[SpriteTextRich] Gewicht anzeigen:
[SpriteTextRich] aktive Crew: 10\t[Max: 12]
[TextMesh] Laden...
[TextMesh] 00,000,000
[TextMesh] 00,000,000
[SpriteText]      key
[SpriteText]      key
[SpriteText] Kopf
[SpriteText] Kopf
[SpriteText] Ingenieursbericht
[SpriteText]      key
[SpriteText]      key
[SpriteText] Kopf
[SpriteText]      key
[SpriteText]      key
[SpriteText] Kopf
[SpriteText]      key
[SpriteText] Kopf
[SpriteText]      key
[SpriteText] Kopf
[SpriteText] Verträge
[SpriteTextRich] [+] Consumers not receiving Ore.
[SpriteTextRich] [+] Consumers not receiving IntakeAir.
[SpriteTextRich] [+] Consumers not receiving ElectricCharge.
[SpriteTextRich] [+] Consumers not receiving XenonGas.
[SpriteTextRich] [+] Consumers not receiving Manövertreibstoff.
[SpriteTextRich] [+] Consumers not receiving Oxidationsmittel.
[SpriteTextRich] [+] Consumers not receiving LiquidFuel.
[SpriteTextRich] [+] Ungenutze Erz Ressource.
[SpriteTextRich] [+] Ungenutze Einlassluft Ressoure.
[SpriteTextRich] [+] Ungenutze elektrische Ladung.
[SpriteTextRich] [+] Ungenutze XenonGas resource.
[SpriteTextRich] [+] Ungenutze Manövertreibstoff Ressource.
[SpriteTextRich] [+] Ungenutzes Oxidationsmittel.
[SpriteTextRich] [+] Ungenutze Flüssigtreibstoff Ressource.
[SpriteTextRich] [+] elektrische Ladung wird gespeichert aber nicht erzeugt.
[SpriteTextRich] [+] elektrische Ladung wird erzeugt aber nicht gespeichert.
[SpriteTextRich] [+] elektrische Ladung wird erzeugt aber nicht verwendet.
[SpriteTextRich] [+] elektrische Ladung wird benötigt, aber nicht erzeugt.
[SpriteTextRich] [+] Keine Steuerung!
[SpriteTextRich] [+] Fahrwerk wird vermisst!
[SpriteTextRich] [+] Hatch ist versperrt!
[SpriteTextRich] [+] Docking ports werden als Trennkupplung verwendet.
[SpriteTextRich] [+] Docking ports falsch angebracht.
[SpriteTextRich] [+] Leiter wird vermisst.
[SpriteTextRich] [+] Engines jettisoned before use.
[SpriteTextRich] [+] Trennkupplungen aktiv, bevor die Startklemmen gelöst werden.
[SpriteTextRich] [+] Crew Kabine leer.
[SpriteTextRich] [+] Trennkupplung falsch angebracht.
[SpriteTextRich] [+] Kommandomodul ist falsch herum platziert.
[SpriteTextRich] [+] Station hub issues.
[SpriteTextRich] [+] Fallschirm auf der .
[SpriteTextRich] [+] Fallschirm in der ersten Stufe.
[SpriteTextRich] [+] Sendeschüssel für Daten benötigt.
[SpriteTextRich] Es gibt nichts über dieses Schiff.
[SpriteTextRich] Nichts zu berichten, nichts zu sehen.
[SpriteTextRich] Schwierigkeitsgrad zeigen:
[SpriteTextRich] <#e6752a>Design checklist
[SpriteTextRich] Größe\nHöhe:\nBreite:\nLänge:
[SpriteTextRich] Größe\nHöhe:\nBreite:\nLänge:
[SpriteTextRich] 
[SpriteTextRich] Masse:
[SpriteTextRich] 
[SpriteTextRich] Teile:
[SpriteTextRich] <#e6752a>Craft Stats
[SpriteTextRich] <#acfcff>[+] Notiz:
[SpriteTextRich] Ò <#ffffff>Ziel erreichen
[SpriteTextRich] <#e6752a>Orbit Kerbin!
[SpriteTextRich] <#acfcff>[+] Notiz:
[SpriteTextRich] Ò <#ffffff>Ziel erreichen
[SpriteTextRich] <#e6752a>Verlasse die Atmosphäre!
[SpriteTextRich] Ò <#ffffff>Erreiche eine Geschwindigkeit von mindestens 450 m/s.
[SpriteTextRich] <#e6752a>Setze die Höchstgeschwindigkeit auf 450 m/s.
[SpriteTextRich] Ò <#ffffff>Erreiche eine Höhe von mindestens 7.500 m.
[SpriteTextRich] <#e6752a>Setz Flughöhe auf 7.500 m.
[SpriteTextRich] <#bfc3af>Load</>
[SpriteText] 10.0
[SpriteText] /
[SpriteText] Manövertreibstoff
[SpriteText] 10.0
[SpriteText] 50.0
[SpriteText] /
[SpriteText] elektrische Ladung
[SpriteText] 50.0
[SpriteText] umschalten der Flagge
[SpriteText] umschalen des Drehmoments
[SpriteText] Reaktionsrad: Aktiv
[SpriteText] Mk1 Command Pod
